# JRE version: OpenJDK Runtime Environment (8.0_152-b01) (build 1.8.0_152-release-1343-b01)
# Java VM: OpenJDK 64-Bit Server VM (25.152-b01 mixed mode windows-amd64 compressed oops)
Heap:
 PSYoungGen      total 125440K, used 21373K [0x00000000f5580000, 0x00000000fdb80000, 0x0000000100000000)
  eden space 114688K, 18% used [0x00000000f5580000,0x00000000f6a5f788,0x00000000fc580000)
  from space 10752K, 0% used [0x00000000fd080000,0x00000000fd080000,0x00000000fdb00000)
  to   space 11264K, 0% used [0x00000000fc580000,0x00000000fc580000,0x00000000fd080000)
 ParOldGen       total 83968K, used 19978K [0x00000000e0000000, 0x00000000e5200000, 0x00000000f5580000)
  object space 83968K, 23% used [0x00000000e0000000,0x00000000e1382938,0x00000000e5200000)
 Metaspace       used 41148K, capacity 42156K, committed 42496K, reserved 1087488K
  class space    used 5590K, capacity 5838K, committed 5888K, reserved 1048576K
GC Heap History (10 events):
Event: 11.037 GC heap before
{Heap before GC invocations=9 (full 1):
 PSYoungGen      total 77312K, used 74649K [0x00000000f5580000, 0x00000000fdb00000, 0x0000000100000000)
  eden space 66560K, 100% used [0x00000000f5580000,0x00000000f9680000,0x00000000f9680000)
  from space 10752K, 75% used [0x00000000f9680000,0x00000000f9e665a0,0x00000000fa100000)
  to   space 10752K, 0% used [0x00000000fd080000,0x00000000fd080000,0x00000000fdb00000)
 ParOldGen       total 54784K, used 7887K [0x00000000e0000000, 0x00000000e3580000, 0x00000000f5580000)
  object space 54784K, 14% used [0x00000000e0000000,0x00000000e07b3e80,0x00000000e3580000)
 Metaspace       used 32015K, capacity 32608K, committed 32768K, reserved 1077248K
  class space    used 4400K, capacity 4558K, committed 4608K, reserved 1048576K
Event: 11.052 GC heap after
Heap after GC invocations=9 (full 1):
 PSYoungGen      total 125440K, used 9114K [0x00000000f5580000, 0x00000000fdb80000, 0x0000000100000000)
  eden space 114688K, 0% used [0x00000000f5580000,0x00000000f5580000,0x00000000fc580000)
  from space 10752K, 84% used [0x00000000fd080000,0x00000000fd966af8,0x00000000fdb00000)
  to   space 11264K, 0% used [0x00000000fc580000,0x00000000fc580000,0x00000000fd080000)
 ParOldGen       total 54784K, used 7895K [0x00000000e0000000, 0x00000000e3580000, 0x00000000f5580000)
  object space 54784K, 14% used [0x00000000e0000000,0x00000000e07b5e80,0x00000000e3580000)
 Metaspace       used 32015K, capacity 32608K, committed 32768K, reserved 1077248K
  class space    used 4400K, capacity 4558K, committed 4608K, reserved 1048576K
}
Event: 13.279 GC heap before
{Heap before GC invocations=10 (full 1):
 PSYoungGen      total 125440K, used 60074K [0x00000000f5580000, 0x00000000fdb80000, 0x0000000100000000)
  eden space 114688K, 44% used [0x00000000f5580000,0x00000000f8743d50,0x00000000fc580000)
  from space 10752K, 84% used [0x00000000fd080000,0x00000000fd966af8,0x00000000fdb00000)
  to   space 11264K, 0% used [0x00000000fc580000,0x00000000fc580000,0x00000000fd080000)
 ParOldGen       total 54784K, used 7895K [0x00000000e0000000, 0x00000000e3580000, 0x00000000f5580000)
  object space 54784K, 14% used [0x00000000e0000000,0x00000000e07b5e80,0x00000000e3580000)
 Metaspace       used 34600K, capacity 35404K, committed 35456K, reserved 1079296K
  class space    used 4761K, capacity 4969K, committed 4992K, reserved 1048576K
Event: 13.293 GC heap after
Heap after GC invocations=10 (full 1):
 PSYoungGen      total 125952K, used 11247K [0x00000000f5580000, 0x00000000fdb80000, 0x0000000100000000)
  eden space 114688K, 0% used [0x00000000f5580000,0x00000000f5580000,0x00000000fc580000)
  from space 11264K, 99% used [0x00000000fc580000,0x00000000fd07be28,0x00000000fd080000)
  to   space 10752K, 0% used [0x00000000fd080000,0x00000000fd080000,0x00000000fdb00000)
 ParOldGen       total 54784K, used 8281K [0x00000000e0000000, 0x00000000e3580000, 0x00000000f5580000)
  object space 54784K, 15% used [0x00000000e0000000,0x00000000e0816448,0x00000000e3580000)
 Metaspace       used 34600K, capacity 35404K, committed 35456K, reserved 1079296K
  class space    used 4761K, capacity 4969K, committed 4992K, reserved 1048576K
}
Event: 13.293 GC heap before
{Heap before GC invocations=11 (full 2):
 PSYoungGen      total 125952K, used 11247K [0x00000000f5580000, 0x00000000fdb80000, 0x0000000100000000)
  eden space 114688K, 0% used [0x00000000f5580000,0x00000000f5580000,0x00000000fc580000)
  from space 11264K, 99% used [0x00000000fc580000,0x00000000fd07be28,0x00000000fd080000)
  to   space 10752K, 0% used [0x00000000fd080000,0x00000000fd080000,0x00000000fdb00000)
 ParOldGen       total 54784K, used 8281K [0x00000000e0000000, 0x00000000e3580000, 0x00000000f5580000)
  object space 54784K, 15% used [0x00000000e0000000,0x00000000e0816448,0x00000000e3580000)
 Metaspace       used 34600K, capacity 35404K, committed 35456K, reserved 1079296K
  class space    used 4761K, capacity 4969K, committed 4992K, reserved 1048576K
Event: 13.376 GC heap after
Heap after GC invocations=11 (full 2):
 PSYoungGen      total 125952K, used 0K [0x00000000f5580000, 0x00000000fdb80000, 0x0000000100000000)
  eden space 114688K, 0% used [0x00000000f5580000,0x00000000f5580000,0x00000000fc580000)
  from space 11264K, 0% used [0x00000000fc580000,0x00000000fc580000,0x00000000fd080000)
  to   space 10752K, 0% used [0x00000000fd080000,0x00000000fd080000,0x00000000fdb00000)
 ParOldGen       total 83968K, used 18684K [0x00000000e0000000, 0x00000000e5200000, 0x00000000f5580000)
  object space 83968K, 22% used [0x00000000e0000000,0x00000000e123f3a8,0x00000000e5200000)
 Metaspace       used 34576K, capacity 35320K, committed 35456K, reserved 1079296K
  class space    used 4754K, capacity 4955K, committed 4992K, reserved 1048576K
}
Event: 14.177 GC heap before
{Heap before GC invocations=12 (full 2):
 PSYoungGen      total 125952K, used 27221K [0x00000000f5580000, 0x00000000fdb80000, 0x0000000100000000)
  eden space 114688K, 23% used [0x00000000f5580000,0x00000000f7015740,0x00000000fc580000)
  from space 11264K, 0% used [0x00000000fc580000,0x00000000fc580000,0x00000000fd080000)
  to   space 10752K, 0% used [0x00000000fd080000,0x00000000fd080000,0x00000000fdb00000)
 ParOldGen       total 83968K, used 18684K [0x00000000e0000000, 0x00000000e5200000, 0x00000000f5580000)
  object space 83968K, 22% used [0x00000000e0000000,0x00000000e123f3a8,0x00000000e5200000)
 Metaspace       used 38899K, capacity 39706K, committed 39936K, reserved 1087488K
  class space    used 5284K, capacity 5519K, committed 5632K, reserved 1048576K
Event: 14.181 GC heap after
Heap after GC invocations=12 (full 2):
 PSYoungGen      total 125440K, used 3815K [0x00000000f5580000, 0x00000000fdb80000, 0x0000000100000000)
  eden space 114688K, 0% used [0x00000000f5580000,0x00000000f5580000,0x00000000fc580000)
  from space 10752K, 35% used [0x00000000fd080000,0x00000000fd439d60,0x00000000fdb00000)
  to   space 11264K, 0% used [0x00000000fc580000,0x00000000fc580000,0x00000000fd080000)
 ParOldGen       total 83968K, used 18692K [0x00000000e0000000, 0x00000000e5200000, 0x00000000f5580000)
  object space 83968K, 22% used [0x00000000e0000000,0x00000000e12413a8,0x00000000e5200000)
 Metaspace       used 38899K, capacity 39706K, committed 39936K, reserved 1087488K
  class space    used 5284K, capacity 5519K, committed 5632K, reserved 1048576K
}
Event: 14.181 GC heap before
{Heap before GC invocations=13 (full 3):
 PSYoungGen      total 125440K, used 3815K [0x00000000f5580000, 0x00000000fdb80000, 0x0000000100000000)
  eden space 114688K, 0% used [0x00000000f5580000,0x00000000f5580000,0x00000000fc580000)
  from space 10752K, 35% used [0x00000000fd080000,0x00000000fd439d60,0x00000000fdb00000)
  to   space 11264K, 0% used [0x00000000fc580000,0x00000000fc580000,0x00000000fd080000)
 ParOldGen       total 83968K, used 18692K [0x00000000e0000000, 0x00000000e5200000, 0x00000000f5580000)
  object space 83968K, 22% used [0x00000000e0000000,0x00000000e12413a8,0x00000000e5200000)
 Metaspace       used 38899K, capacity 39706K, committed 39936K, reserved 1087488K
  class space    used 5284K, capacity 5519K, committed 5632K, reserved 1048576K
Event: 14.559 GC heap after
Heap after GC invocations=13 (full 3):
 PSYoungGen      total 125440K, used 0K [0x00000000f5580000, 0x00000000fdb80000, 0x0000000100000000)
  eden space 114688K, 0% used [0x00000000f5580000,0x00000000f5580000,0x00000000fc580000)
  from space 10752K, 0% used [0x00000000fd080000,0x00000000fd080000,0x00000000fdb00000)
  to   space 11264K, 0% used [0x00000000fc580000,0x00000000fc580000,0x00000000fd080000)
 ParOldGen       total 83968K, used 19978K [0x00000000e0000000, 0x00000000e5200000, 0x00000000f5580000)
  object space 83968K, 23% used [0x00000000e0000000,0x00000000e1382938,0x00000000e5200000)
 Metaspace       used 38899K, capacity 39706K, committed 39936K, reserved 1085440K
  class space    used 5284K, capacity 5519K, committed 5632K, reserved 1048576K
}

