# JRE version: OpenJDK Runtime Environment (8.0_152-b01) (build 1.8.0_152-release-1343-b01)
# Java VM: OpenJDK 64-Bit Server VM (25.152-b01 mixed mode windows-amd64 compressed oops)
Heap:
 PSYoungGen      total 91136K, used 85085K [0x00000000f5580000, 0x00000000fc400000, 0x0000000100000000)
  eden space 81920K, 93% used [0x00000000f5580000,0x00000000f9ff2870,0x00000000fa580000)
  from space 9216K, 96% used [0x00000000fbb00000,0x00000000fc3a4df8,0x00000000fc400000)
  to   space 12288K, 0% used [0x00000000fac00000,0x00000000fac00000,0x00000000fb800000)
 ParOldGen       total 59392K, used 18640K [0x00000000e0000000, 0x00000000e3a00000, 0x00000000f5580000)
  object space 59392K, 31% used [0x00000000e0000000,0x00000000e12343e0,0x00000000e3a00000)
 Metaspace       used 46290K, capacity 47380K, committed 47528K, reserved 1089536K
  class space    used 6224K, capacity 6519K, committed 6568K, reserved 1048576K
GC Heap History (10 events):
Event: 10.087 GC heap before
{Heap before GC invocations=8 (full 1):
 PSYoungGen      total 76288K, used 66560K [0x00000000f5580000, 0x00000000faa80000, 0x0000000100000000)
  eden space 66560K, 100% used [0x00000000f5580000,0x00000000f9680000,0x00000000f9680000)
  from space 9728K, 0% used [0x00000000fa100000,0x00000000fa100000,0x00000000faa80000)
  to   space 10240K, 0% used [0x00000000f9680000,0x00000000f9680000,0x00000000fa080000)
 ParOldGen       total 59392K, used 10673K [0x00000000e0000000, 0x00000000e3a00000, 0x00000000f5580000)
  object space 59392K, 17% used [0x00000000e0000000,0x00000000e0a6c4e8,0x00000000e3a00000)
 Metaspace       used 28901K, capacity 29486K, committed 29696K, reserved 1075200K
  class space    used 3884K, capacity 4074K, committed 4096K, reserved 1048576K
Event: 10.101 GC heap after
Heap after GC invocations=8 (full 1):
 PSYoungGen      total 76800K, used 8163K [0x00000000f5580000, 0x00000000faa80000, 0x0000000100000000)
  eden space 66560K, 0% used [0x00000000f5580000,0x00000000f5580000,0x00000000f9680000)
  from space 10240K, 79% used [0x00000000f9680000,0x00000000f9e78c60,0x00000000fa080000)
  to   space 9728K, 0% used [0x00000000fa100000,0x00000000fa100000,0x00000000faa80000)
 ParOldGen       total 59392K, used 10681K [0x00000000e0000000, 0x00000000e3a00000, 0x00000000f5580000)
  object space 59392K, 17% used [0x00000000e0000000,0x00000000e0a6e4e8,0x00000000e3a00000)
 Metaspace       used 28901K, capacity 29486K, committed 29696K, reserved 1075200K
  class space    used 3884K, capacity 4074K, committed 4096K, reserved 1048576K
}
Event: 11.029 GC heap before
{Heap before GC invocations=9 (full 1):
 PSYoungGen      total 76800K, used 74723K [0x00000000f5580000, 0x00000000faa80000, 0x0000000100000000)
  eden space 66560K, 100% used [0x00000000f5580000,0x00000000f9680000,0x00000000f9680000)
  from space 10240K, 79% used [0x00000000f9680000,0x00000000f9e78c60,0x00000000fa080000)
  to   space 9728K, 0% used [0x00000000fa100000,0x00000000fa100000,0x00000000faa80000)
 ParOldGen       total 59392K, used 10681K [0x00000000e0000000, 0x00000000e3a00000, 0x00000000f5580000)
  object space 59392K, 17% used [0x00000000e0000000,0x00000000e0a6e4e8,0x00000000e3a00000)
 Metaspace       used 32037K, capacity 32608K, committed 32768K, reserved 1077248K
  class space    used 4406K, capacity 4558K, committed 4608K, reserved 1048576K
Event: 11.042 GC heap after
Heap after GC invocations=9 (full 1):
 PSYoungGen      total 75776K, used 9031K [0x00000000f5580000, 0x00000000fd800000, 0x0000000100000000)
  eden space 66048K, 0% used [0x00000000f5580000,0x00000000f5580000,0x00000000f9600000)
  from space 9728K, 92% used [0x00000000fa100000,0x00000000fa9d1c28,0x00000000faa80000)
  to   space 11264K, 0% used [0x00000000f9600000,0x00000000f9600000,0x00000000fa100000)
 ParOldGen       total 59392K, used 10689K [0x00000000e0000000, 0x00000000e3a00000, 0x00000000f5580000)
  object space 59392K, 17% used [0x00000000e0000000,0x00000000e0a704e8,0x00000000e3a00000)
 Metaspace       used 32037K, capacity 32608K, committed 32768K, reserved 1077248K
  class space    used 4406K, capacity 4558K, committed 4608K, reserved 1048576K
}
Event: 12.420 GC heap before
{Heap before GC invocations=10 (full 1):
 PSYoungGen      total 75776K, used 59505K [0x00000000f5580000, 0x00000000fd800000, 0x0000000100000000)
  eden space 66048K, 76% used [0x00000000f5580000,0x00000000f86ca8a0,0x00000000f9600000)
  from space 9728K, 92% used [0x00000000fa100000,0x00000000fa9d1c28,0x00000000faa80000)
  to   space 11264K, 0% used [0x00000000f9600000,0x00000000f9600000,0x00000000fa100000)
 ParOldGen       total 59392K, used 10689K [0x00000000e0000000, 0x00000000e3a00000, 0x00000000f5580000)
  object space 59392K, 17% used [0x00000000e0000000,0x00000000e0a704e8,0x00000000e3a00000)
 Metaspace       used 34658K, capacity 35450K, committed 35496K, reserved 1079296K
  class space    used 4772K, capacity 5004K, committed 5032K, reserved 1048576K
Event: 12.431 GC heap after
Heap after GC invocations=10 (full 1):
 PSYoungGen      total 77312K, used 11251K [0x00000000f5580000, 0x00000000fc700000, 0x0000000100000000)
  eden space 66048K, 0% used [0x00000000f5580000,0x00000000f5580000,0x00000000f9600000)
  from space 11264K, 99% used [0x00000000f9600000,0x00000000fa0fcc98,0x00000000fa100000)
  to   space 12288K, 0% used [0x00000000fbb00000,0x00000000fbb00000,0x00000000fc700000)
 ParOldGen       total 59392K, used 11051K [0x00000000e0000000, 0x00000000e3a00000, 0x00000000f5580000)
  object space 59392K, 18% used [0x00000000e0000000,0x00000000e0acaf50,0x00000000e3a00000)
 Metaspace       used 34658K, capacity 35450K, committed 35496K, reserved 1079296K
  class space    used 4772K, capacity 5004K, committed 5032K, reserved 1048576K
}
Event: 12.431 GC heap before
{Heap before GC invocations=11 (full 2):
 PSYoungGen      total 77312K, used 11251K [0x00000000f5580000, 0x00000000fc700000, 0x0000000100000000)
  eden space 66048K, 0% used [0x00000000f5580000,0x00000000f5580000,0x00000000f9600000)
  from space 11264K, 99% used [0x00000000f9600000,0x00000000fa0fcc98,0x00000000fa100000)
  to   space 12288K, 0% used [0x00000000fbb00000,0x00000000fbb00000,0x00000000fc700000)
 ParOldGen       total 59392K, used 11051K [0x00000000e0000000, 0x00000000e3a00000, 0x00000000f5580000)
  object space 59392K, 18% used [0x00000000e0000000,0x00000000e0acaf50,0x00000000e3a00000)
 Metaspace       used 34658K, capacity 35450K, committed 35496K, reserved 1079296K
  class space    used 4772K, capacity 5004K, committed 5032K, reserved 1048576K
Event: 12.560 GC heap after
Heap after GC invocations=11 (full 2):
 PSYoungGen      total 77312K, used 0K [0x00000000f5580000, 0x00000000fc700000, 0x0000000100000000)
  eden space 66048K, 0% used [0x00000000f5580000,0x00000000f5580000,0x00000000f9600000)
  from space 11264K, 0% used [0x00000000f9600000,0x00000000f9600000,0x00000000fa100000)
  to   space 12288K, 0% used [0x00000000fbb00000,0x00000000fbb00000,0x00000000fc700000)
 ParOldGen       total 59392K, used 18632K [0x00000000e0000000, 0x00000000e3a00000, 0x00000000f5580000)
  object space 59392K, 31% used [0x00000000e0000000,0x00000000e12323e0,0x00000000e3a00000)
 Metaspace       used 34627K, capacity 35348K, committed 35496K, reserved 1079296K
  class space    used 4763K, capacity 4987K, committed 5032K, reserved 1048576K
}
Event: 13.883 GC heap before
{Heap before GC invocations=12 (full 2):
 PSYoungGen      total 77312K, used 66048K [0x00000000f5580000, 0x00000000fc700000, 0x0000000100000000)
  eden space 66048K, 100% used [0x00000000f5580000,0x00000000f9600000,0x00000000f9600000)
  from space 11264K, 0% used [0x00000000f9600000,0x00000000f9600000,0x00000000fa100000)
  to   space 12288K, 0% used [0x00000000fbb00000,0x00000000fbb00000,0x00000000fc700000)
 ParOldGen       total 59392K, used 18632K [0x00000000e0000000, 0x00000000e3a00000, 0x00000000f5580000)
  object space 59392K, 31% used [0x00000000e0000000,0x00000000e12323e0,0x00000000e3a00000)
 Metaspace       used 41964K, capacity 42898K, committed 43176K, reserved 1087488K
  class space    used 5693K, capacity 5955K, committed 6056K, reserved 1048576K
Event: 13.897 GC heap after
Heap after GC invocations=12 (full 2):
 PSYoungGen      total 91136K, used 8851K [0x00000000f5580000, 0x00000000fc400000, 0x0000000100000000)
  eden space 81920K, 0% used [0x00000000f5580000,0x00000000f5580000,0x00000000fa580000)
  from space 9216K, 96% used [0x00000000fbb00000,0x00000000fc3a4df8,0x00000000fc400000)
  to   space 12288K, 0% used [0x00000000fac00000,0x00000000fac00000,0x00000000fb800000)
 ParOldGen       total 59392K, used 18640K [0x00000000e0000000, 0x00000000e3a00000, 0x00000000f5580000)
  object space 59392K, 31% used [0x00000000e0000000,0x00000000e12343e0,0x00000000e3a00000)
 Metaspace       used 41964K, capacity 42898K, committed 43176K, reserved 1087488K
  class space    used 5693K, capacity 5955K, committed 6056K, reserved 1048576K
}

